{"level":"info","message":"API Server Start At Port 3000","timestamp":"2022-08-08 10:39:08"}
{"level":"info","message":"API Server Start At Port 3000","timestamp":"2022-08-08 10:58:03"}
{"level":"info","message":"API Server Start At Port 3000","timestamp":"2022-08-08 11:11:07"}
{"level":"info","message":"API Server Start At Port 3000","timestamp":"2022-08-08 13:25:22"}
{"level":"error","message":"boardSave Query error\n: {\"message\":\"You have an error in your SQL syntax; check the manual that corresponds to your MySQL server version for the right syntax to use near '?)' at line 1\",\"code\":\"ER_PARSE_ERROR\",\"errno\":1064,\"sql\":\"insert into BOARD(title, writer, content,pass) values ('test','salcho','<p>test</p>',?)\",\"sqlState\":\"42000\",\"sqlMessage\":\"You have an error in your SQL syntax; check the manual that corresponds to your MySQL server version for the right syntax to use near '?)' at line 1\"}","timestamp":"2022-08-08 13:25:33"}
{"level":"error","message":"boardSave Query error\n: {\"message\":\"You have an error in your SQL syntax; check the manual that corresponds to your MySQL server version for the right syntax to use near '?)' at line 1\",\"code\":\"ER_PARSE_ERROR\",\"errno\":1064,\"sql\":\"insert into BOARD(title, writer, content,pass) values ('test','salcho','<p>test</p>',?)\",\"sqlState\":\"42000\",\"sqlMessage\":\"You have an error in your SQL syntax; check the manual that corresponds to your MySQL server version for the right syntax to use near '?)' at line 1\"}","timestamp":"2022-08-08 13:27:32"}
{"level":"info","message":"API Server Start At Port 3000","timestamp":"2022-08-08 13:27:59"}
{"level":"info","message":"API Server Start At Port 3000","timestamp":"2022-08-08 13:42:35"}
{"level":"error","message":"boardSave Query error\n: {\"message\":\"Column count doesn't match value count at row 1\",\"code\":\"ER_WRONG_VALUE_COUNT_ON_ROW\",\"errno\":1136,\"sql\":\"insert into BOARD(title, writer, content,pass ,secret) values ('test','salcho','<p>test</p>',ifnull('test', null),`jwtsecret` = 'jwt_secret_key_9312', `host` = '144.24.143.203', `user` = 'salcho', `port` = '3306', `password` = 'salcho1994', `database` = 'project')\",\"sqlState\":\"21S01\",\"sqlMessage\":\"Column count doesn't match value count at row 1\"}","timestamp":"2022-08-08 13:42:56"}
{"level":"error","message":"boardSave Query error\n: {\"message\":\"Column count doesn't match value count at row 1\",\"code\":\"ER_WRONG_VALUE_COUNT_ON_ROW\",\"errno\":1136,\"sql\":\"insert into BOARD(title, writer, content,pass ,secret) values ('test','salcho','<p>test</p>',ifnull('test', null),`jwtsecret` = 'jwt_secret_key_9312', `host` = '144.24.143.203', `user` = 'salcho', `port` = '3306', `password` = 'salcho1994', `database` = 'project')\",\"sqlState\":\"21S01\",\"sqlMessage\":\"Column count doesn't match value count at row 1\"}","timestamp":"2022-08-08 13:44:30"}
{"level":"info","message":"API Server Start At Port 3000","timestamp":"2022-08-08 13:46:03"}
{"level":"error","message":"boardSave Query error\n: {\"message\":\"Column count doesn't match value count at row 1\",\"code\":\"ER_WRONG_VALUE_COUNT_ON_ROW\",\"errno\":1136,\"sql\":\"insert into BOARD(title, writer, content, pass , secret) values ('test','salcho','<p>test</p>',ifnull('', null),`jwtsecret` = 'jwt_secret_key_9312', `host` = '144.24.143.203', `user` = 'salcho', `port` = '3306', `password` = 'salcho1994', `database` = 'project')\",\"sqlState\":\"21S01\",\"sqlMessage\":\"Column count doesn't match value count at row 1\"}","timestamp":"2022-08-08 13:46:12"}
{"level":"error","message":"boardSave Query error\n: {\"message\":\"Column count doesn't match value count at row 1\",\"code\":\"ER_WRONG_VALUE_COUNT_ON_ROW\",\"errno\":1136,\"sql\":\"insert into BOARD(title, writer, content, pass , secret) values ('test','salcho','<p>test</p>',ifnull('', null),`jwtsecret` = 'jwt_secret_key_9312', `host` = '144.24.143.203', `user` = 'salcho', `port` = '3306', `password` = 'salcho1994', `database` = 'project')\",\"sqlState\":\"21S01\",\"sqlMessage\":\"Column count doesn't match value count at row 1\"}","timestamp":"2022-08-08 13:48:11"}
{"level":"info","message":"API Server Start At Port 3000","timestamp":"2022-08-08 13:48:32"}
{"level":"info","message":"API Server Start At Port 3000","timestamp":"2022-08-08 13:49:59"}
{"level":"error","message":"boardSave Query error\n: {\"message\":\"Incorrect parameter count in the call to native function 'ifnull'\",\"code\":\"ER_WRONG_PARAMCOUNT_TO_NATIVE_FCT\",\"errno\":1582,\"sql\":\"insert into BOARD(title, writer, content, pass , secret) values ('test','salcho','<p>test</p>',ifnull('test', null),ifnull(`jwtsecret` = 'jwt_secret_key_9312', `host` = '144.24.143.203', `user` = 'salcho', `port` = '3306', `password` = 'salcho1994', `database` = 'project', 'N'))\",\"sqlState\":\"42000\",\"sqlMessage\":\"Incorrect parameter count in the call to native function 'ifnull'\"}","timestamp":"2022-08-08 13:50:12"}
{"level":"error","message":"boardSave Query error\n: {\"message\":\"Incorrect parameter count in the call to native function 'ifnull'\",\"code\":\"ER_WRONG_PARAMCOUNT_TO_NATIVE_FCT\",\"errno\":1582,\"sql\":\"insert into BOARD(title, writer, content, pass , secret) values ('test','salcho','<p>test</p>',ifnull('test', null),ifnull(`jwtsecret` = 'jwt_secret_key_9312', `host` = '144.24.143.203', `user` = 'salcho', `port` = '3306', `password` = 'salcho1994', `database` = 'project', 'N'))\",\"sqlState\":\"42000\",\"sqlMessage\":\"Incorrect parameter count in the call to native function 'ifnull'\"}","timestamp":"2022-08-08 13:50:17"}
{"level":"info","message":"API Server Start At Port 3000","timestamp":"2022-08-08 13:51:55"}
{"level":"error","message":"Board Query error\n: {\"message\":\"Unknown column 'secret' in 'field list'\",\"code\":\"ER_BAD_FIELD_ERROR\",\"errno\":1054,\"sql\":\"SELECT board_idx as boardIdx , writer , title, content , insert_dt , secret as insertDt, board_count as count FROM BOARD WHERE del_yn = 'N'\",\"sqlState\":\"42S22\",\"sqlMessage\":\"Unknown column 'secret' in 'field list'\"}","timestamp":"2022-08-08 13:52:06"}
{"level":"error","message":"Board Query error\n: {\"message\":\"Unknown column 'secret' in 'field list'\",\"code\":\"ER_BAD_FIELD_ERROR\",\"errno\":1054,\"sql\":\"SELECT board_idx as boardIdx , writer , title, content , insert_dt , secret as insertDt, board_count as count FROM BOARD WHERE del_yn = 'N'\",\"sqlState\":\"42S22\",\"sqlMessage\":\"Unknown column 'secret' in 'field list'\"}","timestamp":"2022-08-08 13:52:25"}
{"level":"error","message":"Board Query error\n: {\"message\":\"Unknown column 'secret' in 'field list'\",\"code\":\"ER_BAD_FIELD_ERROR\",\"errno\":1054,\"sql\":\"SELECT board_idx as boardIdx , writer , title, content , insert_dt , secret as insertDt, board_count as count FROM BOARD WHERE del_yn = 'N'\",\"sqlState\":\"42S22\",\"sqlMessage\":\"Unknown column 'secret' in 'field list'\"}","timestamp":"2022-08-08 13:52:33"}
{"level":"error","message":"Board Query error\n: {\"message\":\"Unknown column 'secret' in 'field list'\",\"code\":\"ER_BAD_FIELD_ERROR\",\"errno\":1054,\"sql\":\"SELECT board_idx as boardIdx , writer , title, content , insert_dt , secret as insertDt, board_count as count FROM BOARD WHERE del_yn = 'N'\",\"sqlState\":\"42S22\",\"sqlMessage\":\"Unknown column 'secret' in 'field list'\"}","timestamp":"2022-08-08 13:53:16"}
{"level":"error","message":"Board Query error\n: {\"message\":\"Unknown column 'secret' in 'field list'\",\"code\":\"ER_BAD_FIELD_ERROR\",\"errno\":1054,\"sql\":\"SELECT board_idx as boardIdx , writer , title, content , insert_dt , secret as insertDt, board_count as count FROM BOARD WHERE del_yn = 'N'\",\"sqlState\":\"42S22\",\"sqlMessage\":\"Unknown column 'secret' in 'field list'\"}","timestamp":"2022-08-08 13:53:31"}
{"level":"error","message":"Board Query error\n: {\"message\":\"Unknown column 'secret' in 'field list'\",\"code\":\"ER_BAD_FIELD_ERROR\",\"errno\":1054,\"sql\":\"SELECT board_idx as boardIdx , writer , title, content , insert_dt , secret as insertDt, board_count as count FROM BOARD WHERE del_yn = 'N'\",\"sqlState\":\"42S22\",\"sqlMessage\":\"Unknown column 'secret' in 'field list'\"}","timestamp":"2022-08-08 13:53:40"}
{"level":"info","message":"API Server Start At Port 3000","timestamp":"2022-08-08 13:54:04"}
{"level":"error","message":"boardSave Query error\n: {}","timestamp":"2022-08-08 13:54:35"}
{"level":"info","message":"API Server Start At Port 3000","timestamp":"2022-08-08 13:55:24"}
{"level":"info","message":"API Server Start At Port 3000","timestamp":"2022-08-08 13:56:10"}
{"level":"info","message":"API Server Start At Port 3000","timestamp":"2022-08-08 14:28:13"}
{"level":"info","message":"API Server Start At Port 3000","timestamp":"2022-08-08 14:28:43"}
{"level":"error","message":"Board Query error\n: {\"message\":\"You have an error in your SQL syntax; check the manual that corresponds to your MySQL server version for the right syntax to use near '' at line 1\",\"code\":\"ER_PARSE_ERROR\",\"errno\":1064,\"sql\":\"SELECT * FROM BOARD WHERE del_yn ='N' and board_idx = \",\"sqlState\":\"42000\",\"sqlMessage\":\"You have an error in your SQL syntax; check the manual that corresponds to your MySQL server version for the right syntax to use near '' at line 1\"}","timestamp":"2022-08-08 14:29:20"}
{"level":"error","message":"Board Query error\n: {\"message\":\"You have an error in your SQL syntax; check the manual that corresponds to your MySQL server version for the right syntax to use near '' at line 1\",\"code\":\"ER_PARSE_ERROR\",\"errno\":1064,\"sql\":\"SELECT * FROM BOARD WHERE del_yn ='N' and board_idx = \",\"sqlState\":\"42000\",\"sqlMessage\":\"You have an error in your SQL syntax; check the manual that corresponds to your MySQL server version for the right syntax to use near '' at line 1\"}","timestamp":"2022-08-08 14:29:38"}
{"level":"error","message":"Board Query error\n: {\"message\":\"You have an error in your SQL syntax; check the manual that corresponds to your MySQL server version for the right syntax to use near '' at line 1\",\"code\":\"ER_PARSE_ERROR\",\"errno\":1064,\"sql\":\"SELECT * FROM BOARD WHERE del_yn ='N' and board_idx = \",\"sqlState\":\"42000\",\"sqlMessage\":\"You have an error in your SQL syntax; check the manual that corresponds to your MySQL server version for the right syntax to use near '' at line 1\"}","timestamp":"2022-08-08 14:29:58"}
{"level":"info","message":"API Server Start At Port 3000","timestamp":"2022-08-08 14:31:43"}
{"level":"error","message":"Board Query error\n: {\"message\":\"You have an error in your SQL syntax; check the manual that corresponds to your MySQL server version for the right syntax to use near '' at line 1\",\"code\":\"ER_PARSE_ERROR\",\"errno\":1064,\"sql\":\"SELECT * FROM BOARD WHERE del_yn ='N' and board_idx = \",\"sqlState\":\"42000\",\"sqlMessage\":\"You have an error in your SQL syntax; check the manual that corresponds to your MySQL server version for the right syntax to use near '' at line 1\"}","timestamp":"2022-08-08 14:31:48"}
{"level":"error","message":"Board Query error\n: {\"message\":\"You have an error in your SQL syntax; check the manual that corresponds to your MySQL server version for the right syntax to use near '' at line 1\",\"code\":\"ER_PARSE_ERROR\",\"errno\":1064,\"sql\":\"SELECT * FROM BOARD WHERE del_yn ='N' and board_idx = \",\"sqlState\":\"42000\",\"sqlMessage\":\"You have an error in your SQL syntax; check the manual that corresponds to your MySQL server version for the right syntax to use near '' at line 1\"}","timestamp":"2022-08-08 14:32:35"}
{"level":"info","message":"API Server Start At Port 3000","timestamp":"2022-08-08 14:33:16"}
{"level":"error","message":"Board Query error\n: {\"message\":\"You have an error in your SQL syntax; check the manual that corresponds to your MySQL server version for the right syntax to use near 'and del_yn ='N'' at line 1\",\"code\":\"ER_PARSE_ERROR\",\"errno\":1064,\"sql\":\"SELECT * FROM BOARD WHERE board_idx =  and del_yn ='N'\",\"sqlState\":\"42000\",\"sqlMessage\":\"You have an error in your SQL syntax; check the manual that corresponds to your MySQL server version for the right syntax to use near 'and del_yn ='N'' at line 1\"}","timestamp":"2022-08-08 14:33:20"}
{"level":"info","message":"API Server Start At Port 3000","timestamp":"2022-08-08 14:33:51"}
{"level":"info","message":"API Server Start At Port 3000","timestamp":"2022-08-08 14:34:56"}
{"level":"error","message":"Board Query error\n: {\"message\":\"You have an error in your SQL syntax; check the manual that corresponds to your MySQL server version for the right syntax to use near '' at line 1\",\"code\":\"ER_PARSE_ERROR\",\"errno\":1064,\"sql\":\"SELECT * FROM BOARD WHERE del_yn = 'N' and board_idx = \",\"sqlState\":\"42000\",\"sqlMessage\":\"You have an error in your SQL syntax; check the manual that corresponds to your MySQL server version for the right syntax to use near '' at line 1\"}","timestamp":"2022-08-08 14:35:00"}
{"level":"info","message":"API Server Start At Port 3000","timestamp":"2022-08-08 14:35:34"}
{"level":"info","message":"API Server Start At Port 3000","timestamp":"2022-08-08 14:53:13"}
{"level":"info","message":"API Server Start At Port 3000","timestamp":"2022-08-08 17:00:45"}
{"level":"info","message":"API Server Start At Port 3000","timestamp":"2022-08-08 17:03:15"}
{"level":"info","message":"API Server Start At Port 3000","timestamp":"2022-08-08 17:04:50"}
{"level":"info","message":"API Server Start At Port 3000","timestamp":"2022-08-08 17:05:20"}
{"level":"info","message":"API Server Start At Port 3000","timestamp":"2022-08-08 17:05:33"}
{"level":"info","message":"API Server Start At Port 3000","timestamp":"2022-08-08 17:12:25"}
{"level":"info","message":"API Server Start At Port 3000","timestamp":"2022-08-08 17:12:46"}
{"level":"info","message":"API Server Start At Port 3000","timestamp":"2022-08-08 17:18:26"}
{"level":"error","message":"Board Query error\n: {}","timestamp":"2022-08-08 17:18:29"}
{"level":"error","message":"Board Query error\n: {}","timestamp":"2022-08-08 17:18:48"}
{"level":"error","message":"Board Query error\n: {}","timestamp":"2022-08-08 17:18:53"}
{"level":"error","message":"Board Query error\n: {}","timestamp":"2022-08-08 17:19:29"}
{"level":"error","message":"Board Query error\n: {}","timestamp":"2022-08-08 17:19:37"}
{"level":"info","message":"API Server Start At Port 3000","timestamp":"2022-08-08 17:19:50"}
{"level":"error","message":"Board Query error\n: {}","timestamp":"2022-08-08 17:19:54"}
{"level":"error","message":"Board Query error\n: {}","timestamp":"2022-08-08 17:21:02"}
{"level":"info","message":"API Server Start At Port 3000","timestamp":"2022-08-08 17:21:13"}
{"level":"error","message":"Board Query error\n: {}","timestamp":"2022-08-08 17:21:17"}
{"level":"info","message":"API Server Start At Port 3000","timestamp":"2022-08-08 17:22:14"}
{"level":"error","message":"Board Query error\n: {}","timestamp":"2022-08-08 17:22:18"}
{"level":"error","message":"Board Query error\n: {}","timestamp":"2022-08-08 17:22:30"}
{"level":"info","message":"API Server Start At Port 3000","timestamp":"2022-08-08 17:22:43"}
{"level":"error","message":"Board Query error\n: {}","timestamp":"2022-08-08 17:22:47"}
{"level":"info","message":"API Server Start At Port 3000","timestamp":"2022-08-08 17:23:33"}
{"level":"error","message":"Board Query error\n: {}","timestamp":"2022-08-08 17:23:37"}
{"level":"info","message":"API Server Start At Port 3000","timestamp":"2022-08-08 17:23:56"}
{"level":"error","message":"Board Query error\n: {}","timestamp":"2022-08-08 17:24:00"}
{"level":"error","message":"Board Query error\n: {}","timestamp":"2022-08-08 17:24:29"}
{"level":"error","message":"Board Query error\n: {}","timestamp":"2022-08-08 17:24:45"}
{"level":"error","message":"Board Query error\n: {}","timestamp":"2022-08-08 17:24:58"}
{"level":"info","message":"API Server Start At Port 3000","timestamp":"2022-08-08 17:25:04"}
{"level":"info","message":"API Server Start At Port 3000","timestamp":"2022-08-08 17:25:47"}
{"level":"error","message":"Board Query error\n: {}","timestamp":"2022-08-08 17:25:50"}
{"level":"error","message":"Board Query error\n: {}","timestamp":"2022-08-08 17:25:56"}
{"level":"error","message":"Board Query error\n: {}","timestamp":"2022-08-08 17:26:29"}
{"level":"info","message":"API Server Start At Port 3000","timestamp":"2022-08-08 17:26:32"}
{"level":"info","message":"API Server Start At Port 3000","timestamp":"2022-08-08 17:42:13"}
{"level":"info","message":"API Server Start At Port 3000","timestamp":"2022-08-08 17:45:08"}
{"level":"info","message":"API Server Start At Port 3000","timestamp":"2022-08-08 17:45:47"}
{"level":"info","message":"API Server Start At Port 3000","timestamp":"2022-08-08 17:46:07"}
{"level":"info","message":"API Server Start At Port 3000","timestamp":"2022-08-08 17:47:06"}
